<?xml version="1.0" encoding="UTF-8"?>
<testsuite xmlns:xsi="http://www.w3.org/2001/XMLSchema-instance" xsi:noNamespaceSchemaLocation="https://maven.apache.org/surefire/maven-surefire-plugin/xsd/surefire-test-report-3.0.xsd" version="3.0" name="com.fisa.controller.DictionaryControllerTest" time="0.07" tests="5" errors="0" skipped="0" failures="0">
  <properties>
[...]
</properties>
  <testcase name="getValueOfProductTest" classname="com.fisa.controller.DictionaryControllerTest" time="0.004"/>
  <testcase name="traslateWordsToValueTest" classname="com.fisa.controller.DictionaryControllerTest" time="0"/>
  <testcase name="assignValueToWordTest" classname="com.fisa.controller.DictionaryControllerTest" time="0.006">
    <system-out><![CDATA[Value of Word : TAKA as C
]]></system-out>
  </testcase>
  <testcase name="conversionQueryTest" classname="com.fisa.controller.DictionaryControllerTest" time="0"/>
  <testcase name="productQueryTest" classname="com.fisa.controller.DictionaryControllerTest" time="0"/>
</testsuite>